<?xml version="1.0" encoding="UTF-8"?>
<testng-results ignored="0" total="1" passed="1" failed="0" skipped="0">
  <reporter-output>
  </reporter-output>
  <suite started-at="2025-03-25T15:16:14 IST" name="Default suite" finished-at="2025-03-25T15:16:48 IST" duration-ms="34374">
    <groups>
      <group name="e2e">
        <method signature="LoginTest.loginTest()[pri:0, instance:com.ui.test.LoginTest@1046d517]" name="loginTest" class="com.ui.test.LoginTest"/>
      </group> <!-- e2e -->
    </groups>
    <test started-at="2025-03-25T15:16:14 IST" name="Default test" finished-at="2025-03-25T15:16:48 IST" duration-ms="34374">
      <class name="com.ui.test.LoginTest">
        <test-method is-config="true" signature="setUp(java.lang.String,boolean,boolean,org.testng.ITestResult)[pri:0, instance:com.ui.test.LoginTest@1046d517]" started-at="2025-03-25T15:16:14 IST" name="setUp" description="Load the home page for the website " finished-at="2025-03-25T15:16:40 IST" duration-ms="26346" status="PASS">
          <params>
            <param index="0">
              <value>
                <![CDATA[chrome]]>
              </value>
            </param>
            <param index="1">
              <value>
                <![CDATA[true]]>
              </value>
            </param>
            <param index="2">
              <value>
                <![CDATA[true]]>
              </value>
            </param>
            <param index="3">
              <value>
                <![CDATA[[TestResult name={null} status=CREATED method=LoginTest.loginTest()[pri:0, instance:com.ui.test.LoginTest@1046d517] output={null}]]]>
              </value>
            </param>
          </params>
          <reporter-output>
          </reporter-output>
        </test-method> <!-- setUp -->
        <test-method signature="loginTest()[pri:0, instance:com.ui.test.LoginTest@1046d517]" started-at="2025-03-25T15:16:40 IST" name="loginTest" description="verifies with the valid user able to login to the application" finished-at="2025-03-25T15:16:47 IST" duration-ms="6864" status="PASS">
          <reporter-output>
          </reporter-output>
        </test-method> <!-- loginTest -->
        <test-method is-config="true" signature="close()[pri:0, instance:com.ui.test.LoginTest@1046d517]" started-at="2025-03-25T15:16:47 IST" name="close" description="Close the browser" finished-at="2025-03-25T15:16:48 IST" duration-ms="904" status="PASS">
          <reporter-output>
          </reporter-output>
        </test-method> <!-- close -->
      </class> <!-- com.ui.test.LoginTest -->
    </test> <!-- Default test -->
  </suite> <!-- Default suite -->
</testng-results>
